# Logfile created on 2015-07-29 21:26:13 -0700 by logger.rb/41954
D, [2015-07-29T21:28:20.039056 #44339] DEBUG -- :   [1m[36mWaterSample Load (2.8ms)[0m  [1mSELECT  `water_samples`.* FROM `water_samples` WHERE `water_samples`.`id` = ? LIMIT 1[0m  [["id", 1]]
D, [2015-07-29T21:28:20.046862 #44339] DEBUG -- :   [1m[35mWaterSample Load (0.3ms)[0m  SELECT  `water_samples`.* FROM `water_samples` WHERE `water_samples`.`id` = ? LIMIT 1  [["id", 1]]
D, [2015-07-29T21:28:20.047568 #44339] DEBUG -- :   [1m[36mWaterSample Load (0.2ms)[0m  [1mSELECT  `water_samples`.* FROM `water_samples` WHERE `water_samples`.`id` = ? LIMIT 1[0m  [["id", 1]]
D, [2015-07-29T21:29:06.973037 #44341] DEBUG -- :   [1m[36mWaterSample Load (1.3ms)[0m  [1mSELECT  `water_samples`.* FROM `water_samples` WHERE `water_samples`.`id` = ? LIMIT 1[0m  [["id", 1]]
D, [2015-07-29T21:29:06.982361 #44341] DEBUG -- :   [1m[35mWaterSample Load (0.4ms)[0m  SELECT  `water_samples`.* FROM `water_samples` WHERE `water_samples`.`id` = ? LIMIT 1  [["id", 1]]
D, [2015-07-29T21:29:06.983690 #44341] DEBUG -- :   [1m[36mWaterSample Load (0.3ms)[0m  [1mSELECT  `water_samples`.* FROM `water_samples` WHERE `water_samples`.`id` = ? LIMIT 1[0m  [["id", 1]]
D, [2015-07-29T21:30:34.223670 #44344] DEBUG -- :   [1m[36mWaterSample Load (0.8ms)[0m  [1mSELECT  `water_samples`.* FROM `water_samples` WHERE `water_samples`.`id` = ? LIMIT 1[0m  [["id", 1]]
D, [2015-07-29T21:30:34.233435 #44344] DEBUG -- :   [1m[35mWaterSample Load (0.3ms)[0m  SELECT  `water_samples`.* FROM `water_samples` WHERE `water_samples`.`id` = ? LIMIT 1  [["id", 1]]
D, [2015-07-29T21:30:34.234623 #44344] DEBUG -- :   [1m[36mWaterSample Load (0.3ms)[0m  [1mSELECT  `water_samples`.* FROM `water_samples` WHERE `water_samples`.`id` = ? LIMIT 1[0m  [["id", 1]]
D, [2015-07-29T21:31:30.644033 #44347] DEBUG -- :   [1m[36mWaterSample Load (0.6ms)[0m  [1mSELECT  `water_samples`.* FROM `water_samples` WHERE `water_samples`.`id` = ? LIMIT 1[0m  [["id", 1]]
D, [2015-07-29T21:31:30.652076 #44347] DEBUG -- :   [1m[35mWaterSample Load (0.4ms)[0m  SELECT  `water_samples`.* FROM `water_samples` WHERE `water_samples`.`id` = ? LIMIT 1  [["id", 1]]
D, [2015-07-29T21:31:30.653016 #44347] DEBUG -- :   [1m[36mWaterSample Load (0.2ms)[0m  [1mSELECT  `water_samples`.* FROM `water_samples` WHERE `water_samples`.`id` = ? LIMIT 1[0m  [["id", 1]]
D, [2015-07-29T21:31:48.612019 #44360] DEBUG -- :   [1m[36mWaterSample Load (0.6ms)[0m  [1mSELECT  `water_samples`.* FROM `water_samples` WHERE `water_samples`.`id` = ? LIMIT 1[0m  [["id", 1]]
D, [2015-07-29T21:31:48.638876 #44360] DEBUG -- :   [1m[35mWaterSample Load (0.3ms)[0m  SELECT  `water_samples`.* FROM `water_samples` WHERE `water_samples`.`id` = ? LIMIT 1  [["id", 1]]
D, [2015-07-29T21:31:48.699629 #44360] DEBUG -- :   [1m[36mWaterSample Load (0.3ms)[0m  [1mSELECT  `water_samples`.* FROM `water_samples` WHERE `water_samples`.`id` = ? LIMIT 1[0m  [["id", 1]]
D, [2015-07-29T21:33:14.644691 #44370] DEBUG -- :   [1m[36mWaterSample Load (0.7ms)[0m  [1mSELECT  `water_samples`.* FROM `water_samples` WHERE `water_samples`.`id` = ? LIMIT 1[0m  [["id", 1]]
D, [2015-07-29T21:33:14.669427 #44370] DEBUG -- :   [1m[35mWaterSample Load (0.3ms)[0m  SELECT  `water_samples`.* FROM `water_samples` WHERE `water_samples`.`id` = ? LIMIT 1  [["id", 1]]
D, [2015-07-29T21:33:14.717186 #44370] DEBUG -- :   [1m[36mWaterSample Load (0.4ms)[0m  [1mSELECT  `water_samples`.* FROM `water_samples` WHERE `water_samples`.`id` = ? LIMIT 1[0m  [["id", 1]]
D, [2015-07-29T21:33:57.984853 #44373] DEBUG -- :   [1m[36mWaterSample Load (0.8ms)[0m  [1mSELECT  `water_samples`.* FROM `water_samples` WHERE `water_samples`.`id` = ? LIMIT 1[0m  [["id", 1]]
D, [2015-07-29T21:33:58.011593 #44373] DEBUG -- :   [1m[35mWaterSample Load (0.3ms)[0m  SELECT  `water_samples`.* FROM `water_samples` WHERE `water_samples`.`id` = ? LIMIT 1  [["id", 1]]
D, [2015-07-29T21:33:58.059450 #44373] DEBUG -- :   [1m[36mWaterSample Load (0.4ms)[0m  [1mSELECT  `water_samples`.* FROM `water_samples` WHERE `water_samples`.`id` = ? LIMIT 1[0m  [["id", 1]]
D, [2015-07-29T21:36:06.410716 #44378] DEBUG -- :   [1m[36mWaterSample Load (0.6ms)[0m  [1mSELECT  `water_samples`.* FROM `water_samples` WHERE `water_samples`.`id` = ? LIMIT 1[0m  [["id", 1]]
D, [2015-07-29T21:36:06.437835 #44378] DEBUG -- :   [1m[35mWaterSample Load (0.4ms)[0m  SELECT  `water_samples`.* FROM `water_samples` WHERE `water_samples`.`id` = ? LIMIT 1  [["id", 1]]
D, [2015-07-29T21:36:06.439001 #44378] DEBUG -- :   [1m[36mWaterSample Load (0.2ms)[0m  [1mSELECT  `water_samples`.* FROM `water_samples` WHERE `water_samples`.`id` = ? LIMIT 1[0m  [["id", 1]]
D, [2015-07-29T21:36:37.480871 #44380] DEBUG -- :   [1m[36mWaterSample Load (0.8ms)[0m  [1mSELECT  `water_samples`.* FROM `water_samples` WHERE `water_samples`.`id` = ? LIMIT 1[0m  [["id", 1]]
D, [2015-07-29T21:36:37.505221 #44380] DEBUG -- :   [1m[35mWaterSample Load (0.3ms)[0m  SELECT  `water_samples`.* FROM `water_samples` WHERE `water_samples`.`id` = ? LIMIT 1  [["id", 1]]
D, [2015-07-29T21:36:37.506400 #44380] DEBUG -- :   [1m[36mWaterSample Load (0.2ms)[0m  [1mSELECT  `water_samples`.* FROM `water_samples` WHERE `water_samples`.`id` = ? LIMIT 1[0m  [["id", 1]]
D, [2015-07-29T21:36:37.510767 #44380] DEBUG -- :   [1m[35mFactorWeight Load (0.5ms)[0m  SELECT  `factor_weights`.* FROM `factor_weights` WHERE `factor_weights`.`id` = ? LIMIT 1  [["id", 1]]
D, [2015-07-29T21:37:35.874080 #44383] DEBUG -- :   [1m[36mWaterSample Load (0.5ms)[0m  [1mSELECT  `water_samples`.* FROM `water_samples` WHERE `water_samples`.`id` = ? LIMIT 1[0m  [["id", 1]]
D, [2015-07-29T21:37:35.896842 #44383] DEBUG -- :   [1m[35mWaterSample Load (0.3ms)[0m  SELECT  `water_samples`.* FROM `water_samples` WHERE `water_samples`.`id` = ? LIMIT 1  [["id", 1]]
D, [2015-07-29T21:37:35.898217 #44383] DEBUG -- :   [1m[36mWaterSample Load (0.3ms)[0m  [1mSELECT  `water_samples`.* FROM `water_samples` WHERE `water_samples`.`id` = ? LIMIT 1[0m  [["id", 1]]
D, [2015-07-29T21:37:35.903540 #44383] DEBUG -- :   [1m[35mFactorWeight Load (0.5ms)[0m  SELECT  `factor_weights`.* FROM `factor_weights` WHERE `factor_weights`.`id` = ? LIMIT 1  [["id", 1]]
D, [2015-07-29T21:42:42.225184 #44386] DEBUG -- :   [1m[36mWaterSample Load (0.9ms)[0m  [1mSELECT  `water_samples`.* FROM `water_samples` WHERE `water_samples`.`id` = ? LIMIT 1[0m  [["id", 1]]
D, [2015-07-29T21:42:42.249264 #44386] DEBUG -- :   [1m[35mWaterSample Load (0.4ms)[0m  SELECT  `water_samples`.* FROM `water_samples` WHERE `water_samples`.`id` = ? LIMIT 1  [["id", 1]]
D, [2015-07-29T21:42:42.256724 #44386] DEBUG -- :   [1m[36m (3.1ms)[0m  [1mSELECT `factor_weights`.`id` FROM `factor_weights`[0m
D, [2015-07-29T21:42:42.258656 #44386] DEBUG -- :   [1m[35mFactorWeight Load (0.4ms)[0m  SELECT  `factor_weights`.* FROM `factor_weights` WHERE `factor_weights`.`id` = ? LIMIT 1  [["id", 1]]
D, [2015-07-29T21:42:42.266708 #44386] DEBUG -- :   [1m[36mFactorWeight Load (0.3ms)[0m  [1mSELECT  `factor_weights`.* FROM `factor_weights` WHERE `factor_weights`.`id` = ? LIMIT 1[0m  [["id", 2]]
D, [2015-07-29T21:42:42.267788 #44386] DEBUG -- :   [1m[35mFactorWeight Load (0.3ms)[0m  SELECT  `factor_weights`.* FROM `factor_weights` WHERE `factor_weights`.`id` = ? LIMIT 1  [["id", 3]]
D, [2015-07-29T21:42:42.268555 #44386] DEBUG -- :   [1m[36mFactorWeight Load (0.3ms)[0m  [1mSELECT  `factor_weights`.* FROM `factor_weights` WHERE `factor_weights`.`id` = ? LIMIT 1[0m  [["id", 4]]
D, [2015-07-29T21:42:42.320726 #44386] DEBUG -- :   [1m[35mWaterSample Load (0.4ms)[0m  SELECT  `water_samples`.* FROM `water_samples` WHERE `water_samples`.`id` = ? LIMIT 1  [["id", 1]]
D, [2015-07-29T21:42:42.321635 #44386] DEBUG -- :   [1m[36mFactorWeight Load (0.3ms)[0m  [1mSELECT  `factor_weights`.* FROM `factor_weights` WHERE `factor_weights`.`id` = ? LIMIT 1[0m  [["id", 1]]
D, [2015-07-29T21:45:25.100680 #44391] DEBUG -- :   [1m[36mWaterSample Load (0.7ms)[0m  [1mSELECT  `water_samples`.* FROM `water_samples` WHERE `water_samples`.`id` = ? LIMIT 1[0m  [["id", 1]]
D, [2015-07-29T21:45:25.128707 #44391] DEBUG -- :   [1m[35mWaterSample Load (0.3ms)[0m  SELECT  `water_samples`.* FROM `water_samples` WHERE `water_samples`.`id` = ? LIMIT 1  [["id", 1]]
D, [2015-07-29T21:45:25.132446 #44391] DEBUG -- :   [1m[36m (0.4ms)[0m  [1mSELECT `factor_weights`.`id` FROM `factor_weights`[0m
D, [2015-07-29T21:45:25.134891 #44391] DEBUG -- :   [1m[35mFactorWeight Load (0.4ms)[0m  SELECT  `factor_weights`.* FROM `factor_weights` WHERE `factor_weights`.`id` = ? LIMIT 1  [["id", 1]]
D, [2015-07-29T21:45:25.141373 #44391] DEBUG -- :   [1m[36mFactorWeight Load (0.5ms)[0m  [1mSELECT  `factor_weights`.* FROM `factor_weights` WHERE `factor_weights`.`id` = ? LIMIT 1[0m  [["id", 2]]
D, [2015-07-29T21:45:25.142300 #44391] DEBUG -- :   [1m[35mFactorWeight Load (0.3ms)[0m  SELECT  `factor_weights`.* FROM `factor_weights` WHERE `factor_weights`.`id` = ? LIMIT 1  [["id", 3]]
D, [2015-07-29T21:45:25.142845 #44391] DEBUG -- :   [1m[36mFactorWeight Load (0.2ms)[0m  [1mSELECT  `factor_weights`.* FROM `factor_weights` WHERE `factor_weights`.`id` = ? LIMIT 1[0m  [["id", 4]]
D, [2015-07-29T21:45:25.189982 #44391] DEBUG -- :   [1m[35mWaterSample Load (0.4ms)[0m  SELECT  `water_samples`.* FROM `water_samples` WHERE `water_samples`.`id` = ? LIMIT 1  [["id", 1]]
D, [2015-07-29T21:45:25.190904 #44391] DEBUG -- :   [1m[36mFactorWeight Load (0.3ms)[0m  [1mSELECT  `factor_weights`.* FROM `factor_weights` WHERE `factor_weights`.`id` = ? LIMIT 1[0m  [["id", 1]]
D, [2015-07-29T21:49:54.198020 #44396] DEBUG -- :   [1m[36mWaterSample Load (1.0ms)[0m  [1mSELECT  `water_samples`.* FROM `water_samples` WHERE `water_samples`.`id` = ? LIMIT 1[0m  [["id", 1]]
D, [2015-07-29T21:49:54.222703 #44396] DEBUG -- :   [1m[35mWaterSample Load (0.4ms)[0m  SELECT  `water_samples`.* FROM `water_samples` WHERE `water_samples`.`id` = ? LIMIT 1  [["id", 1]]
D, [2015-07-29T21:49:54.230209 #44396] DEBUG -- :   [1m[36m (0.5ms)[0m  [1mSELECT `factor_weights`.`id` FROM `factor_weights`[0m
D, [2015-07-29T21:49:54.232008 #44396] DEBUG -- :   [1m[35mFactorWeight Load (0.3ms)[0m  SELECT  `factor_weights`.* FROM `factor_weights` WHERE `factor_weights`.`id` = ? LIMIT 1  [["id", 1]]
D, [2015-07-29T21:49:54.237831 #44396] DEBUG -- :   [1m[36mFactorWeight Load (0.2ms)[0m  [1mSELECT  `factor_weights`.* FROM `factor_weights` WHERE `factor_weights`.`id` = ? LIMIT 1[0m  [["id", 2]]
D, [2015-07-29T21:49:54.238317 #44396] DEBUG -- :   [1m[35mFactorWeight Load (0.2ms)[0m  SELECT  `factor_weights`.* FROM `factor_weights` WHERE `factor_weights`.`id` = ? LIMIT 1  [["id", 3]]
D, [2015-07-29T21:49:54.238723 #44396] DEBUG -- :   [1m[36mFactorWeight Load (0.1ms)[0m  [1mSELECT  `factor_weights`.* FROM `factor_weights` WHERE `factor_weights`.`id` = ? LIMIT 1[0m  [["id", 4]]
D, [2015-07-29T21:49:54.239855 #44396] DEBUG -- :   [1m[35mWaterSample Load (0.2ms)[0m  SELECT  `water_samples`.* FROM `water_samples` WHERE `water_samples`.`id` = ? LIMIT 1  [["id", 1]]
D, [2015-07-29T21:49:54.240262 #44396] DEBUG -- :   [1m[36mFactorWeight Load (0.1ms)[0m  [1mSELECT  `factor_weights`.* FROM `factor_weights` WHERE `factor_weights`.`id` = ? LIMIT 1[0m  [["id", 1]]
D, [2015-07-29T21:51:01.281678 #44403] DEBUG -- :   [1m[36mWaterSample Load (0.8ms)[0m  [1mSELECT  `water_samples`.* FROM `water_samples` WHERE `water_samples`.`id` = ? LIMIT 1[0m  [["id", 1]]
D, [2015-07-29T21:51:01.309873 #44403] DEBUG -- :   [1m[35mWaterSample Load (0.4ms)[0m  SELECT  `water_samples`.* FROM `water_samples` WHERE `water_samples`.`id` = ? LIMIT 1  [["id", 1]]
D, [2015-07-29T21:51:01.316570 #44403] DEBUG -- :   [1m[36m (0.3ms)[0m  [1mSELECT `factor_weights`.`id` FROM `factor_weights`[0m
D, [2015-07-29T21:51:01.318536 #44403] DEBUG -- :   [1m[35mFactorWeight Load (0.4ms)[0m  SELECT  `factor_weights`.* FROM `factor_weights` WHERE `factor_weights`.`id` = ? LIMIT 1  [["id", 1]]
D, [2015-07-29T21:51:01.323885 #44403] DEBUG -- :   [1m[36mFactorWeight Load (0.3ms)[0m  [1mSELECT  `factor_weights`.* FROM `factor_weights` WHERE `factor_weights`.`id` = ? LIMIT 1[0m  [["id", 2]]
D, [2015-07-29T21:51:01.324439 #44403] DEBUG -- :   [1m[35mFactorWeight Load (0.2ms)[0m  SELECT  `factor_weights`.* FROM `factor_weights` WHERE `factor_weights`.`id` = ? LIMIT 1  [["id", 3]]
D, [2015-07-29T21:51:01.324832 #44403] DEBUG -- :   [1m[36mFactorWeight Load (0.1ms)[0m  [1mSELECT  `factor_weights`.* FROM `factor_weights` WHERE `factor_weights`.`id` = ? LIMIT 1[0m  [["id", 4]]
D, [2015-07-29T21:51:01.325813 #44403] DEBUG -- :   [1m[35mWaterSample Load (0.2ms)[0m  SELECT  `water_samples`.* FROM `water_samples` WHERE `water_samples`.`id` = ? LIMIT 1  [["id", 1]]
D, [2015-07-29T21:51:01.326212 #44403] DEBUG -- :   [1m[36mFactorWeight Load (0.2ms)[0m  [1mSELECT  `factor_weights`.* FROM `factor_weights` WHERE `factor_weights`.`id` = ? LIMIT 1[0m  [["id", 1]]
D, [2015-07-29T21:51:46.372447 #44406] DEBUG -- :   [1m[36mWaterSample Load (0.6ms)[0m  [1mSELECT  `water_samples`.* FROM `water_samples` WHERE `water_samples`.`id` = ? LIMIT 1[0m  [["id", 1]]
D, [2015-07-29T21:51:46.400283 #44406] DEBUG -- :   [1m[35mWaterSample Load (0.3ms)[0m  SELECT  `water_samples`.* FROM `water_samples` WHERE `water_samples`.`id` = ? LIMIT 1  [["id", 1]]
D, [2015-07-29T21:51:46.404313 #44406] DEBUG -- :   [1m[36m (0.4ms)[0m  [1mSELECT `factor_weights`.`id` FROM `factor_weights`[0m
D, [2015-07-29T21:51:46.405782 #44406] DEBUG -- :   [1m[35mFactorWeight Load (0.4ms)[0m  SELECT  `factor_weights`.* FROM `factor_weights` WHERE `factor_weights`.`id` = ? LIMIT 1  [["id", 1]]
D, [2015-07-29T21:51:46.410381 #44406] DEBUG -- :   [1m[36mFactorWeight Load (0.3ms)[0m  [1mSELECT  `factor_weights`.* FROM `factor_weights` WHERE `factor_weights`.`id` = ? LIMIT 1[0m  [["id", 2]]
D, [2015-07-29T21:51:46.410906 #44406] DEBUG -- :   [1m[35mFactorWeight Load (0.1ms)[0m  SELECT  `factor_weights`.* FROM `factor_weights` WHERE `factor_weights`.`id` = ? LIMIT 1  [["id", 3]]
D, [2015-07-29T21:51:46.411293 #44406] DEBUG -- :   [1m[36mFactorWeight Load (0.1ms)[0m  [1mSELECT  `factor_weights`.* FROM `factor_weights` WHERE `factor_weights`.`id` = ? LIMIT 1[0m  [["id", 4]]
D, [2015-07-29T21:51:46.412265 #44406] DEBUG -- :   [1m[35mWaterSample Load (0.2ms)[0m  SELECT  `water_samples`.* FROM `water_samples` WHERE `water_samples`.`id` = ? LIMIT 1  [["id", 1]]
D, [2015-07-29T21:51:46.412668 #44406] DEBUG -- :   [1m[36mFactorWeight Load (0.1ms)[0m  [1mSELECT  `factor_weights`.* FROM `factor_weights` WHERE `factor_weights`.`id` = ? LIMIT 1[0m  [["id", 1]]
D, [2015-07-29T21:52:12.922876 #44409] DEBUG -- :   [1m[36mWaterSample Load (0.5ms)[0m  [1mSELECT  `water_samples`.* FROM `water_samples` WHERE `water_samples`.`id` = ? LIMIT 1[0m  [["id", 1]]
D, [2015-07-29T21:52:12.943946 #44409] DEBUG -- :   [1m[35mWaterSample Load (0.3ms)[0m  SELECT  `water_samples`.* FROM `water_samples` WHERE `water_samples`.`id` = ? LIMIT 1  [["id", 1]]
D, [2015-07-29T21:52:12.948778 #44409] DEBUG -- :   [1m[36m (0.3ms)[0m  [1mSELECT `factor_weights`.`id` FROM `factor_weights`[0m
D, [2015-07-29T21:52:12.949796 #44409] DEBUG -- :   [1m[35mWaterSample Load (0.2ms)[0m  SELECT  `water_samples`.* FROM `water_samples` WHERE `water_samples`.`id` = ? LIMIT 1  [["id", 1]]
D, [2015-07-29T21:52:12.951270 #44409] DEBUG -- :   [1m[36mFactorWeight Load (0.4ms)[0m  [1mSELECT  `factor_weights`.* FROM `factor_weights` WHERE `factor_weights`.`id` = ? LIMIT 1[0m  [["id", 1]]
D, [2015-07-29T21:52:51.924881 #44411] DEBUG -- :   [1m[36mWaterSample Load (0.8ms)[0m  [1mSELECT  `water_samples`.* FROM `water_samples` WHERE `water_samples`.`id` = ? LIMIT 1[0m  [["id", 1]]
D, [2015-07-29T21:52:51.952498 #44411] DEBUG -- :   [1m[35mWaterSample Load (0.4ms)[0m  SELECT  `water_samples`.* FROM `water_samples` WHERE `water_samples`.`id` = ? LIMIT 1  [["id", 1]]
D, [2015-07-29T21:52:51.956825 #44411] DEBUG -- :   [1m[36m (0.4ms)[0m  [1mSELECT `factor_weights`.`id` FROM `factor_weights`[0m
D, [2015-07-29T21:52:52.007001 #44411] DEBUG -- :   [1m[35mWaterSample Load (0.4ms)[0m  SELECT  `water_samples`.* FROM `water_samples` WHERE `water_samples`.`id` = ? LIMIT 1  [["id", 1]]
D, [2015-07-29T21:52:52.009007 #44411] DEBUG -- :   [1m[36mFactorWeight Load (0.5ms)[0m  [1mSELECT  `factor_weights`.* FROM `factor_weights` WHERE `factor_weights`.`id` = ? LIMIT 1[0m  [["id", 1]]
D, [2015-07-29T21:53:35.572731 #44413] DEBUG -- :   [1m[36mWaterSample Load (0.6ms)[0m  [1mSELECT  `water_samples`.* FROM `water_samples` WHERE `water_samples`.`id` = ? LIMIT 1[0m  [["id", 1]]
D, [2015-07-29T21:53:35.597900 #44413] DEBUG -- :   [1m[35mWaterSample Load (0.4ms)[0m  SELECT  `water_samples`.* FROM `water_samples` WHERE `water_samples`.`id` = ? LIMIT 1  [["id", 1]]
D, [2015-07-29T21:53:35.602492 #44413] DEBUG -- :   [1m[36m (0.4ms)[0m  [1mSELECT `factor_weights`.`id` FROM `factor_weights`[0m
D, [2015-07-29T21:53:35.604607 #44413] DEBUG -- :   [1m[35mFactorWeight Load (0.5ms)[0m  SELECT  `factor_weights`.* FROM `factor_weights` WHERE `factor_weights`.`id` = ? LIMIT 1  [["id", 1]]
D, [2015-07-29T21:53:35.610463 #44413] DEBUG -- :   [1m[36mFactorWeight Load (0.4ms)[0m  [1mSELECT  `factor_weights`.* FROM `factor_weights` WHERE `factor_weights`.`id` = ? LIMIT 1[0m  [["id", 2]]
D, [2015-07-29T21:53:35.611153 #44413] DEBUG -- :   [1m[35mFactorWeight Load (0.2ms)[0m  SELECT  `factor_weights`.* FROM `factor_weights` WHERE `factor_weights`.`id` = ? LIMIT 1  [["id", 3]]
D, [2015-07-29T21:53:35.611594 #44413] DEBUG -- :   [1m[36mFactorWeight Load (0.2ms)[0m  [1mSELECT  `factor_weights`.* FROM `factor_weights` WHERE `factor_weights`.`id` = ? LIMIT 1[0m  [["id", 4]]
D, [2015-07-29T21:53:35.653072 #44413] DEBUG -- :   [1m[35mWaterSample Load (0.3ms)[0m  SELECT  `water_samples`.* FROM `water_samples` WHERE `water_samples`.`id` = ? LIMIT 1  [["id", 1]]
D, [2015-07-29T21:53:35.653670 #44413] DEBUG -- :   [1m[36mFactorWeight Load (0.2ms)[0m  [1mSELECT  `factor_weights`.* FROM `factor_weights` WHERE `factor_weights`.`id` = ? LIMIT 1[0m  [["id", 1]]
D, [2015-07-29T21:55:31.901979 #44415] DEBUG -- :   [1m[36mWaterSample Load (0.8ms)[0m  [1mSELECT  `water_samples`.* FROM `water_samples` WHERE `water_samples`.`id` = ? LIMIT 1[0m  [["id", 1]]
D, [2015-07-29T21:55:31.924175 #44415] DEBUG -- :   [1m[35mWaterSample Load (0.3ms)[0m  SELECT  `water_samples`.* FROM `water_samples` WHERE `water_samples`.`id` = ? LIMIT 1  [["id", 1]]
D, [2015-07-29T21:55:31.928352 #44415] DEBUG -- :   [1m[36m (0.4ms)[0m  [1mSELECT `factor_weights`.`id` FROM `factor_weights`[0m
D, [2015-07-29T21:55:31.930139 #44415] DEBUG -- :   [1m[35mFactorWeight Load (0.5ms)[0m  SELECT  `factor_weights`.* FROM `factor_weights` WHERE `factor_weights`.`id` = ? LIMIT 1  [["id", 1]]
D, [2015-07-29T21:55:31.936722 #44415] DEBUG -- :   [1m[36mFactorWeight Load (0.3ms)[0m  [1mSELECT  `factor_weights`.* FROM `factor_weights` WHERE `factor_weights`.`id` = ? LIMIT 1[0m  [["id", 2]]
D, [2015-07-29T21:55:31.938030 #44415] DEBUG -- :   [1m[35mWaterSample Load (0.2ms)[0m  SELECT  `water_samples`.* FROM `water_samples` WHERE `water_samples`.`id` = ? LIMIT 1  [["id", 1]]
D, [2015-07-29T21:55:31.938547 #44415] DEBUG -- :   [1m[36mFactorWeight Load (0.2ms)[0m  [1mSELECT  `factor_weights`.* FROM `factor_weights` WHERE `factor_weights`.`id` = ? LIMIT 1[0m  [["id", 1]]
D, [2015-07-29T21:56:06.695792 #44417] DEBUG -- :   [1m[36mWaterSample Load (0.6ms)[0m  [1mSELECT  `water_samples`.* FROM `water_samples` WHERE `water_samples`.`id` = ? LIMIT 1[0m  [["id", 1]]
D, [2015-07-29T21:56:06.719936 #44417] DEBUG -- :   [1m[35mWaterSample Load (0.4ms)[0m  SELECT  `water_samples`.* FROM `water_samples` WHERE `water_samples`.`id` = ? LIMIT 1  [["id", 1]]
D, [2015-07-29T21:56:06.725518 #44417] DEBUG -- :   [1m[36m (0.3ms)[0m  [1mSELECT `factor_weights`.`id` FROM `factor_weights`[0m
D, [2015-07-29T21:56:06.727780 #44417] DEBUG -- :   [1m[35mFactorWeight Load (0.5ms)[0m  SELECT  `factor_weights`.* FROM `factor_weights` WHERE `factor_weights`.`id` = ? LIMIT 1  [["id", 1]]
D, [2015-07-29T21:56:06.733970 #44417] DEBUG -- :   [1m[36mFactorWeight Load (0.3ms)[0m  [1mSELECT  `factor_weights`.* FROM `factor_weights` WHERE `factor_weights`.`id` = ? LIMIT 1[0m  [["id", 2]]
D, [2015-07-29T21:56:06.734564 #44417] DEBUG -- :   [1m[35mFactorWeight Load (0.2ms)[0m  SELECT  `factor_weights`.* FROM `factor_weights` WHERE `factor_weights`.`id` = ? LIMIT 1  [["id", 3]]
D, [2015-07-29T21:56:06.734992 #44417] DEBUG -- :   [1m[36mFactorWeight Load (0.2ms)[0m  [1mSELECT  `factor_weights`.* FROM `factor_weights` WHERE `factor_weights`.`id` = ? LIMIT 1[0m  [["id", 4]]
D, [2015-07-29T21:56:06.782948 #44417] DEBUG -- :   [1m[35mWaterSample Load (0.3ms)[0m  SELECT  `water_samples`.* FROM `water_samples` WHERE `water_samples`.`id` = ? LIMIT 1  [["id", 1]]
D, [2015-07-29T21:56:06.783620 #44417] DEBUG -- :   [1m[36mFactorWeight Load (0.2ms)[0m  [1mSELECT  `factor_weights`.* FROM `factor_weights` WHERE `factor_weights`.`id` = ? LIMIT 1[0m  [["id", 1]]
D, [2015-07-29T21:59:42.371354 #44424] DEBUG -- :   [1m[36mWaterSample Load (0.7ms)[0m  [1mSELECT  `water_samples`.* FROM `water_samples` WHERE `water_samples`.`id` = ? LIMIT 1[0m  [["id", 1]]
D, [2015-07-29T21:59:42.395534 #44424] DEBUG -- :   [1m[35mWaterSample Load (0.4ms)[0m  SELECT  `water_samples`.* FROM `water_samples` WHERE `water_samples`.`id` = ? LIMIT 1  [["id", 1]]
D, [2015-07-29T21:59:42.400582 #44424] DEBUG -- :   [1m[36m (0.5ms)[0m  [1mSELECT `factor_weights`.`id` FROM `factor_weights`[0m
D, [2015-07-29T21:59:42.402066 #44424] DEBUG -- :   [1m[35mFactorWeight Load (0.3ms)[0m  SELECT  `factor_weights`.* FROM `factor_weights` WHERE `factor_weights`.`id` = ? LIMIT 1  [["id", 1]]
D, [2015-07-29T21:59:42.408874 #44424] DEBUG -- :   [1m[36mFactorWeight Load (0.5ms)[0m  [1mSELECT  `factor_weights`.* FROM `factor_weights` WHERE `factor_weights`.`id` = ? LIMIT 1[0m  [["id", 2]]
D, [2015-07-29T21:59:42.409776 #44424] DEBUG -- :   [1m[35mFactorWeight Load (0.3ms)[0m  SELECT  `factor_weights`.* FROM `factor_weights` WHERE `factor_weights`.`id` = ? LIMIT 1  [["id", 3]]
D, [2015-07-29T21:59:42.410414 #44424] DEBUG -- :   [1m[36mFactorWeight Load (0.2ms)[0m  [1mSELECT  `factor_weights`.* FROM `factor_weights` WHERE `factor_weights`.`id` = ? LIMIT 1[0m  [["id", 4]]
D, [2015-07-29T21:59:42.453722 #44424] DEBUG -- :   [1m[35mWaterSample Load (0.3ms)[0m  SELECT  `water_samples`.* FROM `water_samples` WHERE `water_samples`.`id` = ? LIMIT 1  [["id", 1]]
D, [2015-07-29T21:59:42.454303 #44424] DEBUG -- :   [1m[36mFactorWeight Load (0.2ms)[0m  [1mSELECT  `factor_weights`.* FROM `factor_weights` WHERE `factor_weights`.`id` = ? LIMIT 1[0m  [["id", 1]]
D, [2015-07-29T22:02:05.184047 #44428] DEBUG -- :   [1m[36mWaterSample Load (0.7ms)[0m  [1mSELECT  `water_samples`.* FROM `water_samples` WHERE `water_samples`.`id` = ? LIMIT 1[0m  [["id", 1]]
D, [2015-07-29T22:02:05.208762 #44428] DEBUG -- :   [1m[35mWaterSample Load (0.4ms)[0m  SELECT  `water_samples`.* FROM `water_samples` WHERE `water_samples`.`id` = ? LIMIT 1  [["id", 1]]
D, [2015-07-29T22:02:05.213932 #44428] DEBUG -- :   [1m[36m (0.4ms)[0m  [1mSELECT `factor_weights`.`id` FROM `factor_weights`[0m
D, [2015-07-29T22:02:05.215372 #44428] DEBUG -- :   [1m[35mFactorWeight Load (0.3ms)[0m  SELECT  `factor_weights`.* FROM `factor_weights` WHERE `factor_weights`.`id` = ? LIMIT 1  [["id", 1]]
D, [2015-07-29T22:02:05.219815 #44428] DEBUG -- :   [1m[36mFactorWeight Load (0.2ms)[0m  [1mSELECT  `factor_weights`.* FROM `factor_weights` WHERE `factor_weights`.`id` = ? LIMIT 1[0m  [["id", 2]]
D, [2015-07-29T22:02:05.220270 #44428] DEBUG -- :   [1m[35mFactorWeight Load (0.2ms)[0m  SELECT  `factor_weights`.* FROM `factor_weights` WHERE `factor_weights`.`id` = ? LIMIT 1  [["id", 3]]
D, [2015-07-29T22:02:05.220738 #44428] DEBUG -- :   [1m[36mFactorWeight Load (0.2ms)[0m  [1mSELECT  `factor_weights`.* FROM `factor_weights` WHERE `factor_weights`.`id` = ? LIMIT 1[0m  [["id", 4]]
D, [2015-07-29T22:02:05.269595 #44428] DEBUG -- :   [1m[35mWaterSample Load (0.3ms)[0m  SELECT  `water_samples`.* FROM `water_samples` WHERE `water_samples`.`id` = ? LIMIT 1  [["id", 1]]
D, [2015-07-29T22:02:05.270224 #44428] DEBUG -- :   [1m[36mFactorWeight Load (0.2ms)[0m  [1mSELECT  `factor_weights`.* FROM `factor_weights` WHERE `factor_weights`.`id` = ? LIMIT 1[0m  [["id", 1]]
D, [2015-07-29T22:02:59.602364 #44430] DEBUG -- :   [1m[36mWaterSample Load (0.7ms)[0m  [1mSELECT  `water_samples`.* FROM `water_samples` WHERE `water_samples`.`id` = ? LIMIT 1[0m  [["id", 1]]
D, [2015-07-29T22:02:59.629269 #44430] DEBUG -- :   [1m[35mWaterSample Load (0.5ms)[0m  SELECT  `water_samples`.* FROM `water_samples` WHERE `water_samples`.`id` = ? LIMIT 1  [["id", 1]]
D, [2015-07-29T22:02:59.633566 #44430] DEBUG -- :   [1m[36m (0.3ms)[0m  [1mSELECT `factor_weights`.`id` FROM `factor_weights`[0m
D, [2015-07-29T22:02:59.635342 #44430] DEBUG -- :   [1m[35mFactorWeight Load (0.4ms)[0m  SELECT  `factor_weights`.* FROM `factor_weights` WHERE `factor_weights`.`id` = ? LIMIT 1  [["id", 1]]
D, [2015-07-29T22:02:59.640874 #44430] DEBUG -- :   [1m[36mFactorWeight Load (0.2ms)[0m  [1mSELECT  `factor_weights`.* FROM `factor_weights` WHERE `factor_weights`.`id` = ? LIMIT 1[0m  [["id", 2]]
D, [2015-07-29T22:02:59.641336 #44430] DEBUG -- :   [1m[35mFactorWeight Load (0.2ms)[0m  SELECT  `factor_weights`.* FROM `factor_weights` WHERE `factor_weights`.`id` = ? LIMIT 1  [["id", 3]]
D, [2015-07-29T22:02:59.641695 #44430] DEBUG -- :   [1m[36mFactorWeight Load (0.2ms)[0m  [1mSELECT  `factor_weights`.* FROM `factor_weights` WHERE `factor_weights`.`id` = ? LIMIT 1[0m  [["id", 4]]
D, [2015-07-29T22:02:59.642825 #44430] DEBUG -- :   [1m[35mWaterSample Load (0.2ms)[0m  SELECT  `water_samples`.* FROM `water_samples` WHERE `water_samples`.`id` = ? LIMIT 1  [["id", 1]]
D, [2015-07-29T22:02:59.643285 #44430] DEBUG -- :   [1m[36mFactorWeight Load (0.2ms)[0m  [1mSELECT  `factor_weights`.* FROM `factor_weights` WHERE `factor_weights`.`id` = ? LIMIT 1[0m  [["id", 1]]
